2019/09/04 16:40:44 Bo2g167620 C2:52332490-52332590 group-2-IF 52332585: G
2019/09/04 16:40:44 Bo2g167620 C2:52333243-52333356 group-2-IF 52333278: T
2019/09/04 16:40:45 Bo2g167620 C2:52332490-52332590 group-3-LF 52332585: G
2019/09/04 16:40:48 Bo3g001310 C3:148524-148730 group-1-EF 148610: C
2019/09/04 16:40:49 Bo3g001310 C3:148524-148730 group-2-IF 148610: C
2019/09/04 16:40:51 Bo3g001310 C3:148524-148730 group-3-LF 148610: C
2019/09/04 16:40:52 Bo3g001310 C3:148524-148730 group-5-NF 148610: C
2019/09/04 16:40:53 Bo3g001370 C3:171305-171977 group-1-EF 171542: T
2019/09/04 16:40:53 Bo3g001370 C3:171305-171977 group-1-EF 171621: C
2019/09/04 16:40:53 Bo3g001370 C3:171305-171977 group-1-EF 171846: C
2019/09/04 16:40:53 Bo3g001370 C3:171305-171977 group-1-EF 171850: T
2019/09/04 16:40:53 Variant longer than 1bp: TTCTTAC -
2019/09/04 16:40:53 Bo3g001370 C3:171305-171977 group-1-EF 171977: TTCTTAC
2019/09/04 16:40:54 Bo3g001370 C3:170598-170880 group-2-IF 170825: A
2019/09/04 16:40:54 Bo3g001370 C3:171305-171977 group-2-IF 171846: C
2019/09/04 16:40:54 Bo3g001370 C3:171305-171977 group-2-IF 171850: T
2019/09/04 16:40:54 Variant longer than 1bp: TTCTTAC -
2019/09/04 16:40:54 Bo3g001370 C3:171305-171977 group-2-IF 171977: TTCTTAC
2019/09/04 16:40:55 Bo3g001370 C3:171305-171977 group-3-LF 171734: G
2019/09/04 16:40:55 Bo3g001370 C3:171305-171977 group-3-LF 171737: G
2019/09/04 16:40:55 Variant longer than 1bp: TTCTTAC -
2019/09/04 16:40:55 Bo3g001370 C3:171305-171977 group-3-LF 171977: TTCTTAC
2019/09/04 16:40:56 Bo3g001370 C3:171305-171977 group-5-NF 171542: T
2019/09/04 16:40:56 Bo3g001370 C3:171305-171977 group-5-NF 171621: C
2019/09/04 16:40:56 Bo3g001370 C3:171305-171977 group-5-NF 171846: C
2019/09/04 16:40:56 Bo3g001370 C3:171305-171977 group-5-NF 171850: T
2019/09/04 16:40:56 Variant longer than 1bp: TTCTTAC -
2019/09/04 16:40:56 Bo3g001370 C3:171305-171977 group-5-NF 171977: TTCTTAC
2019/09/04 16:40:56 Bo3g009090 C3:3045238-3045547 group-1-EF 3045490: A
2019/09/04 16:40:57 Bo3g009090 C3:3045775-3046649 group-2-IF 3045815: A
2019/09/04 16:40:57 Bo3g009090 C3:3045775-3046649 group-2-IF 3046096: G
2019/09/04 16:40:58 Bo3g009090 C3:3045775-3046649 group-3-LF 3046096: G
2019/09/04 16:40:58 Bo3g009090 C3:3045238-3045547 group-5-NF 3045252: T
2019/09/04 16:40:58 Bo3g009090 C3:3045238-3045547 group-5-NF 3045490: A
2019/09/04 16:41:03 Bo3g036550 C3:14520997-14521202 group-1-EF 14521079: T
2019/09/04 16:41:04 Bo3g036550 C3:14520997-14521202 group-2-IF 14521079: T
2019/09/04 16:41:06 Bo3g036550 C3:14520997-14521202 group-3-LF 14521079: T
2019/09/04 16:41:07 Bo3g036550 C3:14520997-14521202 group-5-NF 14521079: T
2019/09/04 16:41:09 Bo3g042990 C3:17948490-17948553 group-1-EF 17948514: T
2019/09/04 16:41:09 Bo3g042990 C3:17948490-17948553 group-1-EF 17948522: A
2019/09/04 16:41:09 Bo3g042990 C3:17948490-17948553 group-1-EF 17948523: T
2019/09/04 16:41:09 Bo3g042990 C3:17949201-17949359 group-1-EF 17949293: C
2019/09/04 16:41:10 Bo3g042990 C3:17945905-17946238 group-2-IF 17946112: A
2019/09/04 16:41:10 Bo3g042990 C3:17948651-17948894 group-2-IF 17948754: T
2019/09/04 16:41:10 Variant longer than 1bp: TTCTCTC -
2019/09/04 16:41:10 Bo3g042990 C3:17948651-17948894 group-2-IF 17948796: TTCTCTC
2019/09/04 16:41:10 Variant longer than 1bp: CTTTCCTCCT -
2019/09/04 16:41:10 Bo3g042990 C3:17948651-17948894 group-2-IF 17948800: CTTTCCTCCT
2019/09/04 16:41:10 Bo3g042990 C3:17948651-17948894 group-2-IF 17948815: C
2019/09/04 16:41:10 Bo3g042990 C3:17948651-17948894 group-2-IF 17948844: T
2019/09/04 16:41:10 Bo3g042990 C3:17948651-17948894 group-2-IF 17948893: G
2019/09/04 16:41:11 Bo3g042990 C3:17945905-17946238 group-3-LF 17946112: A
2019/09/04 16:41:12 Bo3g042990 C3:17948651-17948894 group-3-LF 17948691: G
2019/09/04 16:41:12 Bo3g042990 C3:17948651-17948894 group-3-LF 17948720: A
2019/09/04 16:41:12 Bo3g042990 C3:17948651-17948894 group-3-LF 17948754: T
2019/09/04 16:41:12 Bo3g042990 C3:17948651-17948894 group-3-LF 17948844: T
2019/09/04 16:41:12 Bo3g042990 C3:17948651-17948894 group-3-LF 17948883: G
2019/09/04 16:41:12 Bo3g042990 C3:17948651-17948894 group-3-LF 17948893: G
2019/09/04 16:41:13 Bo3g042990 C3:17948490-17948553 group-5-NF 17948514: T
2019/09/04 16:41:13 Bo3g042990 C3:17948490-17948553 group-5-NF 17948522: A
2019/09/04 16:41:13 Bo3g042990 C3:17948490-17948553 group-5-NF 17948523: T
2019/09/04 16:41:13 Bo3g042990 C3:17948651-17948894 group-5-NF 17948691: G
2019/09/04 16:41:13 Bo3g042990 C3:17948651-17948894 group-5-NF 17948720: A
2019/09/04 16:41:13 Bo3g042990 C3:17948651-17948894 group-5-NF 17948754: T
2019/09/04 16:41:13 Variant longer than 1bp: TTCTCTC -
2019/09/04 16:41:13 Bo3g042990 C3:17948651-17948894 group-5-NF 17948796: TTCTCTC
2019/09/04 16:41:13 Variant longer than 1bp: CTTTCCTCCT -
2019/09/04 16:41:13 Bo3g042990 C3:17948651-17948894 group-5-NF 17948800: CTTTCCTCCT
2019/09/04 16:41:13 Bo3g042990 C3:17948651-17948894 group-5-NF 17948815: C
2019/09/04 16:41:13 Bo3g042990 C3:17948651-17948894 group-5-NF 17948844: T
2019/09/04 16:41:13 Bo3g042990 C3:17948651-17948894 group-5-NF 17948883: G
2019/09/04 16:41:13 Bo3g042990 C3:17948651-17948894 group-5-NF 17948893: G
2019/09/04 16:41:14 Bo3g044220 C3:18195312-18195743 group-1-EF 18195390: T
2019/09/04 16:41:14 Bo3g044220 C3:18195312-18195743 group-1-EF 18195402: T
2019/09/04 16:41:14 Bo3g044220 C3:18195312-18195743 group-1-EF 18195450: A
2019/09/04 16:41:14 Bo3g044220 C3:18195312-18195743 group-1-EF 18195477: A
2019/09/04 16:41:15 Bo3g044220 C3:18195312-18195743 group-2-IF 18195402: T
2019/09/04 16:41:15 Bo3g044220 C3:18195312-18195743 group-2-IF 18195450: A
2019/09/04 16:41:15 Bo3g044220 C3:18195312-18195743 group-2-IF 18195477: A
2019/09/04 16:41:16 Bo3g044220 C3:18195312-18195743 group-3-LF 18195390: T
2019/09/04 16:41:16 Bo3g044220 C3:18195312-18195743 group-3-LF 18195402: T
2019/09/04 16:41:16 Bo3g044220 C3:18195312-18195743 group-3-LF 18195450: A
2019/09/04 16:41:16 Bo3g044220 C3:18195312-18195743 group-3-LF 18195477: A
2019/09/04 16:41:16 Bo3g044220 C3:18195312-18195743 group-3-LF 18195525: G
2019/09/04 16:41:17 Bo3g044220 C3:18195312-18195743 group-5-NF 18195390: T
2019/09/04 16:41:17 Bo3g044220 C3:18195312-18195743 group-5-NF 18195450: A
2019/09/04 16:41:18 Bo3g045150 C3:18896885-18897790 group-2-IF 18897068: T
2019/09/04 16:41:18 Bo3g045150 C3:18896885-18897790 group-2-IF 18897260: C
2019/09/04 16:41:20 Bo3g045150 C3:18896885-18897790 group-5-NF 18896959: A
2019/09/04 16:41:33 Bo3g054920 C3:21680131-21680685 group-2-IF 21680267: A
2019/09/04 16:41:34 Bo3g054920 C3:21681839-21682528 group-2-IF 21682445: C
2019/09/04 16:41:34 Bo3g054920 C3:21680131-21680685 group-3-LF 21680267: A
2019/09/04 16:41:34 Bo3g054920 C3:21680767-21681025 group-3-LF 21680875: G
2019/09/04 16:41:34 Bo3g054920 C3:21681108-21681769 group-3-LF 21681410: G
2019/09/04 16:41:35 Bo3g054920 C3:21681839-21682528 group-3-LF 21682445: C
2019/09/04 16:41:35 Bo3g054920 C3:21679520-21679837 group-5-NF 21679521: C
2019/09/04 16:41:35 Bo3g054920 C3:21680131-21680685 group-5-NF 21680267: A
2019/09/04 16:41:35 Bo3g054920 C3:21680767-21681025 group-5-NF 21680837: T
2019/09/04 16:41:35 Bo3g054920 C3:21680767-21681025 group-5-NF 21680838: T
2019/09/04 16:41:35 Bo3g054920 C3:21680767-21681025 group-5-NF 21680875: G
2019/09/04 16:41:36 Bo3g054920 C3:21681108-21681769 group-5-NF 21681410: G
2019/09/04 16:41:37 Bo3g083660 C3:31090911-31092369 group-2-IF 31092351: T
2019/09/04 16:41:37 Bo3g083660 C3:31092515-31093158 group-2-IF 31092705: C
2019/09/04 16:41:37 Bo3g083660 C3:31092515-31093158 group-2-IF 31092870: C
2019/09/04 16:41:38 Bo3g083660 C3:31092515-31093158 group-3-LF 31092705: C
2019/09/04 16:41:38 Bo3g083660 C3:31092515-31093158 group-3-LF 31092870: C
2019/09/04 16:41:38 Bo3g083660 C3:31092515-31093158 group-5-NF 31092870: C
2019/09/04 16:41:40 Bo3g097780 C3:35063276-35063685 group-3-LF 35063582: A
2019/09/04 16:41:40 Bo3g097780 C3:35063276-35063685 group-3-LF 35063612: G
2019/09/04 16:41:40 Bo3g097780 C3:35063276-35063685 group-3-LF 35063630: G
2019/09/04 16:41:41 Bo3g097780 C3:35063768-35066351 group-3-LF 35065268: C
2019/09/04 16:41:41 Bo3g097780 C3:35063276-35063685 group-5-NF 35063582: A
2019/09/04 16:41:41 Bo3g097780 C3:35063276-35063685 group-5-NF 35063612: G
2019/09/04 16:41:51 Bo3g149420 C3:53217872-53218783 group-5-NF 53218052: C
2019/09/04 16:41:59 Bo4g006930 C4:680451-681212 group-1-EF 680628: A
2019/09/04 16:41:59 Bo4g006930 C4:680451-681212 group-1-EF 680640: A
2019/09/04 16:41:59 Bo4g006930 C4:681290-681403 group-1-EF 681314: C
2019/09/04 16:41:59 Bo4g006930 C4:681290-681403 group-1-EF 681315: C
2019/09/04 16:41:59 Bo4g006930 C4:681290-681403 group-1-EF 681317: G
2019/09/04 16:42:00 Bo4g006930 C4:680047-680370 group-2-IF 680257: T
2019/09/04 16:42:00 Bo4g006930 C4:680047-680370 group-2-IF 680263: G
2019/09/04 16:42:00 Bo4g006930 C4:680047-680370 group-2-IF 680284: T
2019/09/04 16:42:00 Bo4g006930 C4:680047-680370 group-2-IF 680296: A
2019/09/04 16:42:00 Bo4g006930 C4:680047-680370 group-2-IF 680332: C
2019/09/04 16:42:00 Bo4g006930 C4:680047-680370 group-2-IF 680347: C
2019/09/04 16:42:00 Bo4g006930 C4:680451-681212 group-2-IF 680457: A
2019/09/04 16:42:00 Bo4g006930 C4:680451-681212 group-2-IF 680465: C
2019/09/04 16:42:00 Bo4g006930 C4:680451-681212 group-2-IF 680628: A
2019/09/04 16:42:00 Bo4g006930 C4:680451-681212 group-2-IF 680640: A
2019/09/04 16:42:00 Bo4g006930 C4:680451-681212 group-2-IF 680688: A
2019/09/04 16:42:00 Bo4g006930 C4:680451-681212 group-2-IF 680825: C
2019/09/04 16:42:00 Bo4g006930 C4:680451-681212 group-2-IF 680895: A
2019/09/04 16:42:00 Bo4g006930 C4:681290-681403 group-2-IF 681314: C
2019/09/04 16:42:00 Bo4g006930 C4:681290-681403 group-2-IF 681315: C
2019/09/04 16:42:00 Bo4g006930 C4:681290-681403 group-2-IF 681317: G
2019/09/04 16:42:00 Bo4g006930 C4:681290-681403 group-2-IF 681382: C
2019/09/04 16:42:00 Bo4g006930 C4:681290-681403 group-2-IF 681390: T
2019/09/04 16:42:00 Bo4g006930 C4:681485-681679 group-2-IF 681494: G
2019/09/04 16:42:00 Bo4g006930 C4:681485-681679 group-2-IF 681498: A
2019/09/04 16:42:00 Bo4g006930 C4:681485-681679 group-2-IF 681525: C
2019/09/04 16:42:00 Bo4g006930 C4:681485-681679 group-2-IF 681577: T
2019/09/04 16:42:00 Bo4g006930 C4:681485-681679 group-2-IF 681587: G
2019/09/04 16:42:00 Bo4g006930 C4:682306-682417 group-2-IF 682322: G
2019/09/04 16:42:01 Bo4g006930 C4:680047-680370 group-3-LF 680332: C
2019/09/04 16:42:01 Bo4g006930 C4:680047-680370 group-3-LF 680347: C
2019/09/04 16:42:01 Bo4g006930 C4:680451-681212 group-3-LF 680605: A
2019/09/04 16:42:01 Bo4g006930 C4:680451-681212 group-3-LF 680616: T
2019/09/04 16:42:01 Bo4g006930 C4:680451-681212 group-3-LF 680676: C
2019/09/04 16:42:01 Bo4g006930 C4:680451-681212 group-3-LF 680679: T
2019/09/04 16:42:01 Bo4g006930 C4:680451-681212 group-3-LF 680688: A
2019/09/04 16:42:01 Bo4g006930 C4:680451-681212 group-3-LF 680753: T
2019/09/04 16:42:01 Bo4g006930 C4:680451-681212 group-3-LF 680764: C
2019/09/04 16:42:01 Bo4g006930 C4:680451-681212 group-3-LF 680790: T
2019/09/04 16:42:01 Bo4g006930 C4:680451-681212 group-3-LF 680792: T
2019/09/04 16:42:01 Bo4g006930 C4:680451-681212 group-3-LF 680799: C
2019/09/04 16:42:02 Bo4g006930 C4:680047-680370 group-5-NF 680136: C
2019/09/04 16:42:02 Bo4g006930 C4:680047-680370 group-5-NF 680182: C
2019/09/04 16:42:02 Bo4g006930 C4:680047-680370 group-5-NF 680185: T
2019/09/04 16:42:02 Bo4g006930 C4:680047-680370 group-5-NF 680257: T
2019/09/04 16:42:02 Bo4g006930 C4:680047-680370 group-5-NF 680263: G
2019/09/04 16:42:02 Bo4g006930 C4:680047-680370 group-5-NF 680284: T
2019/09/04 16:42:02 Bo4g006930 C4:680047-680370 group-5-NF 680296: A
2019/09/04 16:42:02 Bo4g006930 C4:680047-680370 group-5-NF 680332: C
2019/09/04 16:42:02 Bo4g006930 C4:680047-680370 group-5-NF 680347: C
2019/09/04 16:42:02 Bo4g006930 C4:680451-681212 group-5-NF 680457: A
2019/09/04 16:42:02 Bo4g006930 C4:680451-681212 group-5-NF 680465: C
2019/09/04 16:42:02 Bo4g006930 C4:680451-681212 group-5-NF 680616: T
2019/09/04 16:42:02 Bo4g006930 C4:680451-681212 group-5-NF 680640: A
2019/09/04 16:42:02 Bo4g006930 C4:680451-681212 group-5-NF 680676: C
2019/09/04 16:42:02 Bo4g006930 C4:680451-681212 group-5-NF 680679: T
2019/09/04 16:42:02 Bo4g006930 C4:680451-681212 group-5-NF 680688: A
2019/09/04 16:42:02 Bo4g006930 C4:680451-681212 group-5-NF 680753: T
2019/09/04 16:42:02 Bo4g006930 C4:680451-681212 group-5-NF 680764: C
2019/09/04 16:42:02 Bo4g006930 C4:680451-681212 group-5-NF 680790: T
2019/09/04 16:42:02 Bo4g006930 C4:680451-681212 group-5-NF 680792: T
2019/09/04 16:42:02 Bo4g006930 C4:680451-681212 group-5-NF 680799: C
2019/09/04 16:42:02 Bo4g006930 C4:680451-681212 group-5-NF 680825: C
2019/09/04 16:42:02 Bo4g006930 C4:680451-681212 group-5-NF 680895: A
2019/09/04 16:42:02 Bo4g006930 C4:680451-681212 group-5-NF 680997: G
2019/09/04 16:42:02 Bo4g006930 C4:680451-681212 group-5-NF 681003: G
2019/09/04 16:42:02 Bo4g006930 C4:680451-681212 group-5-NF 681073: T
2019/09/04 16:42:02 Bo4g006930 C4:680451-681212 group-5-NF 681092: T
2019/09/04 16:42:02 Bo4g006930 C4:680451-681212 group-5-NF 681105: T
2019/09/04 16:42:02 Bo4g006930 C4:680451-681212 group-5-NF 681112: C
2019/09/04 16:42:02 Bo4g006930 C4:680451-681212 group-5-NF 681117: C
2019/09/04 16:42:02 Bo4g006930 C4:681290-681403 group-5-NF 681314: C
2019/09/04 16:42:02 Bo4g006930 C4:681290-681403 group-5-NF 681315: C
2019/09/04 16:42:02 Bo4g006930 C4:681290-681403 group-5-NF 681317: G
2019/09/04 16:42:02 Bo4g006930 C4:681290-681403 group-5-NF 681382: C
2019/09/04 16:42:02 Bo4g006930 C4:681290-681403 group-5-NF 681390: T
2019/09/04 16:42:02 Bo4g006930 C4:681290-681403 group-5-NF 681400: T
2019/09/04 16:42:02 Bo4g006930 C4:681485-681679 group-5-NF 681494: G
2019/09/04 16:42:02 Bo4g006930 C4:681485-681679 group-5-NF 681498: A
2019/09/04 16:42:02 Bo4g006930 C4:681485-681679 group-5-NF 681587: G
2019/09/04 16:42:02 Bo4g006930 C4:681485-681679 group-5-NF 681620: G
2019/09/04 16:42:02 Bo4g006930 C4:681485-681679 group-5-NF 681637: C
2019/09/04 16:42:03 Bo4g024640 C4:3880599-3881525 group-2-IF 3881511: C
2019/09/04 16:42:04 Bo4g024640 C4:3880599-3881525 group-3-LF 3881348: T
2019/09/04 16:42:05 Bo4g024640 C4:3880599-3881525 group-5-NF 3880677: A
2019/09/04 16:42:05 Bo4g024640 C4:3880599-3881525 group-5-NF 3881054: G
2019/09/04 16:42:05 Bo4g024640 C4:3880599-3881525 group-5-NF 3881061: A
2019/09/04 16:42:05 Bo4g024640 C4:3880599-3881525 group-5-NF 3881078: T
2019/09/04 16:42:05 Bo4g024640 C4:3880599-3881525 group-5-NF 3881081: A
2019/09/04 16:42:05 Bo4g024640 C4:3880599-3881525 group-5-NF 3881195: A
2019/09/04 16:42:21 Bo5g017660 C5:5958192-5958392 group-1-EF 5958225: A
2019/09/04 16:42:21 Bo5g017660 C5:5958192-5958392 group-1-EF 5958226: G
2019/09/04 16:42:21 Bo5g017660 C5:5958192-5958392 group-1-EF 5958237: A
2019/09/04 16:42:21 Bo5g017660 C5:5958192-5958392 group-1-EF 5958245: A
2019/09/04 16:42:21 Bo5g017660 C5:5958192-5958392 group-1-EF 5958263: G
2019/09/04 16:42:23 Bo5g017660 C5:5958192-5958392 group-3-LF 5958245: A
2019/09/04 16:42:24 Bo5g017660 C5:5958192-5958392 group-5-NF 5958225: A
2019/09/04 16:42:24 Bo5g017660 C5:5958192-5958392 group-5-NF 5958226: G
2019/09/04 16:42:24 Bo5g017660 C5:5958192-5958392 group-5-NF 5958263: G
2019/09/04 16:42:24 Bo5g017960 C5:6116101-6119709 group-1-EF 6117312: G
2019/09/04 16:42:24 Bo5g017960 C5:6116101-6119709 group-1-EF 6117573: T
2019/09/04 16:42:24 Bo5g017960 C5:6116101-6119709 group-1-EF 6118938: A
2019/09/04 16:42:24 Bo5g017960 C5:6116101-6119709 group-1-EF 6119166: G
2019/09/04 16:42:25 Bo5g017960 C5:6115019-6115756 group-2-IF 6115282: C
2019/09/04 16:42:25 Bo5g017960 C5:6115019-6115756 group-2-IF 6115718: G
2019/09/04 16:42:25 Bo5g017960 C5:6115019-6115756 group-2-IF 6115749: A
2019/09/04 16:42:25 Bo5g017960 C5:6116101-6119709 group-2-IF 6116928: T
2019/09/04 16:42:25 Bo5g017960 C5:6116101-6119709 group-2-IF 6119166: G
2019/09/04 16:42:25 Bo5g017960 C5:6116101-6119709 group-2-IF 6119207: A
2019/09/04 16:42:25 Bo5g017960 C5:6115019-6115756 group-3-LF 6115282: C
2019/09/04 16:42:25 Bo5g017960 C5:6115019-6115756 group-3-LF 6115504: G
2019/09/04 16:42:25 Bo5g017960 C5:6115019-6115756 group-3-LF 6115555: A
2019/09/04 16:42:25 Bo5g017960 C5:6115019-6115756 group-3-LF 6115718: G
2019/09/04 16:42:25 Bo5g017960 C5:6115019-6115756 group-3-LF 6115749: A
2019/09/04 16:42:25 Bo5g017960 C5:6116101-6119709 group-3-LF 6116823: T
2019/09/04 16:42:25 Bo5g017960 C5:6116101-6119709 group-3-LF 6116862: A
2019/09/04 16:42:25 Bo5g017960 C5:6116101-6119709 group-3-LF 6116928: T
2019/09/04 16:42:25 Bo5g017960 C5:6116101-6119709 group-3-LF 6117483: A
2019/09/04 16:42:25 Bo5g017960 C5:6116101-6119709 group-3-LF 6117859: T
2019/09/04 16:42:25 Bo5g017960 C5:6116101-6119709 group-3-LF 6117867: T
2019/09/04 16:42:25 Bo5g017960 C5:6116101-6119709 group-3-LF 6118810: C
2019/09/04 16:42:25 Bo5g017960 C5:6116101-6119709 group-3-LF 6118938: A
2019/09/04 16:42:25 Bo5g017960 C5:6116101-6119709 group-3-LF 6118978: A
2019/09/04 16:42:26 Bo5g017960 C5:6116101-6119709 group-5-NF 6116862: A
2019/09/04 16:42:26 Bo5g017960 C5:6116101-6119709 group-5-NF 6116928: T
2019/09/04 16:42:26 Bo5g017960 C5:6116101-6119709 group-5-NF 6117312: G
2019/09/04 16:42:26 Bo5g017960 C5:6116101-6119709 group-5-NF 6117483: A
2019/09/04 16:42:26 Bo5g017960 C5:6116101-6119709 group-5-NF 6117573: T
2019/09/04 16:42:26 Bo5g017960 C5:6116101-6119709 group-5-NF 6117867: T
2019/09/04 16:42:26 Bo5g017960 C5:6116101-6119709 group-5-NF 6118749: C
2019/09/04 16:42:26 Bo5g017960 C5:6116101-6119709 group-5-NF 6119166: G
2019/09/04 16:42:27 Bo6g074910 C6:21896867-21897587 group-1-EF 21897280: T
2019/09/04 16:42:28 Bo6g074910 C6:21896507-21896590 group-2-IF 21896571: T
2019/09/04 16:42:28 Bo6g074910 C6:21896695-21896781 group-2-IF 21896746: A
2019/09/04 16:42:28 Bo6g074910 C6:21896867-21897587 group-2-IF 21897016: C
2019/09/04 16:42:28 Bo6g074910 C6:21896867-21897587 group-2-IF 21897095: T
2019/09/04 16:42:28 Bo6g074910 C6:21896867-21897587 group-2-IF 21897393: T
2019/09/04 16:42:28 Bo6g074910 C6:21896867-21897587 group-2-IF 21897395: G
2019/09/04 16:42:28 Bo6g074910 C6:21896867-21897587 group-2-IF 21897424: G
2019/09/04 16:42:29 Bo6g074910 C6:21896159-21896245 group-3-LF 21896222: G
2019/09/04 16:42:29 Bo6g074910 C6:21896867-21897587 group-3-LF 21897280: T
2019/09/04 16:42:30 Bo6g074910 C6:21896159-21896245 group-5-NF 21896222: G
2019/09/04 16:42:30 Bo6g074910 C6:21896507-21896590 group-5-NF 21896571: T
2019/09/04 16:42:30 Bo6g074910 C6:21896695-21896781 group-5-NF 21896746: A
2019/09/04 16:42:30 Bo6g074910 C6:21896867-21897587 group-5-NF 21897016: C
2019/09/04 16:42:30 Bo6g074910 C6:21896867-21897587 group-5-NF 21897140: A
2019/09/04 16:42:31 Bo6g080100 C6:24240384-24242408 group-1-EF 24241552: A
2019/09/04 16:42:31 Bo6g080100 C6:24240384-24242408 group-1-EF 24241844: T
2019/09/04 16:42:31 Bo6g080100 C6:24240384-24242408 group-2-IF 24241380: C
2019/09/04 16:42:31 Bo6g080100 C6:24240384-24242408 group-2-IF 24241552: A
2019/09/04 16:42:31 Bo6g080100 C6:24240384-24242408 group-2-IF 24241844: T
2019/09/04 16:42:32 Bo6g080100 C6:24240384-24242408 group-3-LF 24241380: C
2019/09/04 16:42:32 Bo6g080100 C6:24240384-24242408 group-3-LF 24241844: T
2019/09/04 16:42:33 Bo6g080100 C6:24240384-24242408 group-5-NF 24240853: T
2019/09/04 16:42:33 Bo6g080100 C6:24240384-24242408 group-5-NF 24240854: C
2019/09/04 16:42:33 Bo6g080100 C6:24240384-24242408 group-5-NF 24241844: T
2019/09/04 16:42:33 Bo6g080100 C6:24240384-24242408 group-5-NF 24242190: T
2019/09/04 16:42:33 Bo6g086830 C6:27161309-27164440 group-1-EF 27163436: G
2019/09/04 16:42:33 Bo6g086830 C6:27161309-27164440 group-1-EF 27163448: A
2019/09/04 16:42:34 Bo6g086830 C6:27161309-27164440 group-2-IF 27162815: T
2019/09/04 16:42:34 Bo6g086830 C6:27161309-27164440 group-2-IF 27162976: G
2019/09/04 16:42:34 Bo6g086830 C6:27161309-27164440 group-2-IF 27163436: G
2019/09/04 16:42:34 Bo6g086830 C6:27161309-27164440 group-2-IF 27163448: A
2019/09/04 16:42:34 Bo6g086830 C6:27161309-27164440 group-3-LF 27161358: C
2019/09/04 16:42:34 Bo6g086830 C6:27161309-27164440 group-3-LF 27162038: C
2019/09/04 16:42:34 Bo6g086830 C6:27161309-27164440 group-3-LF 27162644: G
2019/09/04 16:42:34 Bo6g086830 C6:27161309-27164440 group-3-LF 27162815: T
2019/09/04 16:42:34 Bo6g086830 C6:27161309-27164440 group-3-LF 27162976: G
2019/09/04 16:42:34 Bo6g086830 C6:27161309-27164440 group-3-LF 27163181: T
2019/09/04 16:42:34 Bo6g086830 C6:27161309-27164440 group-3-LF 27163205: A
2019/09/04 16:42:34 Bo6g086830 C6:27161309-27164440 group-3-LF 27163274: C
2019/09/04 16:42:34 Bo6g086830 C6:27161309-27164440 group-3-LF 27163322: G
2019/09/04 16:42:34 Bo6g086830 C6:27161309-27164440 group-3-LF 27163436: G
2019/09/04 16:42:34 Bo6g086830 C6:27161309-27164440 group-3-LF 27163448: A
2019/09/04 16:42:34 Bo6g086830 C6:27161309-27164440 group-3-LF 27163980: T
2019/09/04 16:42:34 Bo6g086830 C6:27161309-27164440 group-3-LF 27164255: G
2019/09/04 16:42:35 Bo6g086830 C6:27161309-27164440 group-5-NF 27163322: G
2019/09/04 16:42:35 Bo6g086830 C6:27161309-27164440 group-5-NF 27163436: G
2019/09/04 16:42:35 Bo6g086830 C6:27161309-27164440 group-5-NF 27163448: A
2019/09/04 16:42:35 Bo6g086830 C6:27161309-27164440 group-5-NF 27163727: C
2019/09/04 16:42:44 Bo6g096080 C6:30485798-30486842 group-2-IF 30486062: G
2019/09/04 16:42:45 Bo6g096080 C6:30485798-30486842 group-3-LF 30486062: G
2019/09/04 16:42:46 Bo6g096080 C6:30485798-30486842 group-5-NF 30486062: G
2019/09/04 16:42:47 Bo6g097180 C6:30623012-30623564 group-3-LF 30623214: T
2019/09/04 16:42:47 Bo6g097180 C6:30623012-30623564 group-3-LF 30623215: T
2019/09/04 16:42:48 Bo6g097180 C6:30623882-30624032 group-3-LF 30623898: G
2019/09/04 16:42:48 Bo6g097180 C6:30623882-30624032 group-5-NF 30623898: G
2019/09/04 16:42:49 Bo6g099320 C6:31564038-31564238 group-2-IF 31564044: T
2019/09/04 16:42:50 Bo6g099320 C6:31566094-31566317 group-3-LF 31566194: G
2019/09/04 16:42:51 Bo6g099320 C6:31564038-31564238 group-5-NF 31564044: T
2019/09/04 16:42:51 Bo6g099320 C6:31564038-31564238 group-5-NF 31564099: A
2019/09/04 16:42:51 Bo6g099320 C6:31564038-31564238 group-5-NF 31564214: C
2019/09/04 16:42:55 Bo6g120570 C6:38024076-38024282 group-1-EF 38024172: G
2019/09/04 16:42:55 Bo6g120570 C6:38024076-38024282 group-1-EF 38024175: T
2019/09/04 16:42:55 Bo6g120570 C6:38024076-38024282 group-1-EF 38024214: G
2019/09/04 16:42:55 Bo6g120570 C6:38023513-38023639 group-2-IF 38023524: C
2019/09/04 16:42:55 Bo6g120570 C6:38023513-38023639 group-2-IF 38023637: G
2019/09/04 16:42:55 Bo6g120570 C6:38023747-38023891 group-2-IF 38023838: C
2019/09/04 16:42:55 Bo6g120570 C6:38024076-38024282 group-2-IF 38024172: G
2019/09/04 16:42:55 Bo6g120570 C6:38024076-38024282 group-2-IF 38024175: T
2019/09/04 16:42:55 Bo6g120570 C6:38024076-38024282 group-2-IF 38024214: G
2019/09/04 16:42:56 Bo6g120570 C6:38023747-38023891 group-3-LF 38023778: T
2019/09/04 16:42:56 Bo6g120570 C6:38023747-38023891 group-3-LF 38023838: C
2019/09/04 16:42:57 Bo6g120570 C6:38023513-38023639 group-5-NF 38023524: C
2019/09/04 16:42:57 Bo6g120570 C6:38023747-38023891 group-5-NF 38023838: C
2019/09/04 16:42:57 Bo6g120570 C6:38024076-38024282 group-5-NF 38024172: G
2019/09/04 16:42:57 Bo6g120570 C6:38024076-38024282 group-5-NF 38024175: T
2019/09/04 16:42:57 Bo6g120570 C6:38024076-38024282 group-5-NF 38024214: G
2019/09/04 16:42:58 Bo6g120790 C6:38151549-38152161 group-2-IF 38151708: T
2019/09/04 16:42:58 Bo6g120790 C6:38151549-38152161 group-2-IF 38151712: C
2019/09/04 16:42:58 Bo6g120790 C6:38151549-38152161 group-2-IF 38151786: T
2019/09/04 16:42:58 Bo6g120790 C6:38151549-38152161 group-2-IF 38152161: G
2019/09/04 16:42:58 Bo6g120790 C6:38152249-38152342 group-2-IF 38152257: G
2019/09/04 16:42:58 Bo6g120790 C6:38152249-38152342 group-2-IF 38152260: T
2019/09/04 16:42:59 Bo6g120790 C6:38153000-38153064 group-2-IF 38153062: G
2019/09/04 16:42:59 Bo6g120790 C6:38151199-38151462 group-3-LF 38151361: C
2019/09/04 16:42:59 Bo6g120790 C6:38151549-38152161 group-3-LF 38152062: G
2019/09/04 16:42:59 Bo6g120790 C6:38152776-38152932 group-3-LF 38152794: A
2019/09/04 16:43:00 Bo6g120790 C6:38151199-38151462 group-5-NF 38151361: C
2019/09/04 16:43:00 Bo6g120790 C6:38153000-38153064 group-5-NF 38153062: G
2019/09/04 16:43:02 Variant longer than 1bp: ACTTGGC -
2019/09/04 16:43:02 Bo6g120900 C6:38245890-38245945 group-2-IF 38245925: ACTTGGC
2019/09/04 16:43:02 Variant longer than 1bp: GT -
2019/09/04 16:43:02 Bo6g120900 C6:38246463-38246663 group-2-IF 38246467: GT
2019/09/04 16:43:02 Bo6g120900 C6:38246463-38246663 group-2-IF 38246538: G
2019/09/04 16:43:02 Bo6g120900 C6:38246463-38246663 group-2-IF 38246558: C
2019/09/04 16:43:02 Variant longer than 1bp: ACTTGGC -
2019/09/04 16:43:02 Bo6g120900 C6:38245890-38245945 group-3-LF 38245925: ACTTGGC
2019/09/04 16:43:03 Variant longer than 1bp: GT -
2019/09/04 16:43:03 Bo6g120900 C6:38246463-38246663 group-3-LF 38246467: GT
2019/09/04 16:43:03 Bo6g120900 C6:38246463-38246663 group-3-LF 38246538: G
2019/09/04 16:43:03 Bo6g120900 C6:38246463-38246663 group-3-LF 38246558: C
2019/09/04 16:43:03 Bo6g120900 C6:38246463-38246663 group-5-NF 38246538: G
2019/09/04 16:43:03 Bo6g120900 C6:38246463-38246663 group-5-NF 38246558: C
2019/09/04 16:43:04 Bo6g121320 C6:38475891-38476014 group-1-EF 38475910: T
2019/09/04 16:43:04 Bo6g121320 C6:38475891-38476014 group-1-EF 38475914: T
2019/09/04 16:43:04 Bo6g121320 C6:38475891-38476014 group-1-EF 38475935: T
2019/09/04 16:43:04 Bo6g121320 C6:38475891-38476014 group-1-EF 38475942: C
2019/09/04 16:43:04 Bo6g121320 C6:38475891-38476014 group-1-EF 38475948: C
2019/09/04 16:43:04 Bo6g121320 C6:38475891-38476014 group-1-EF 38475960: A
2019/09/04 16:43:05 Bo6g121320 C6:38475891-38476014 group-2-IF 38475910: T
2019/09/04 16:43:05 Bo6g121320 C6:38475891-38476014 group-2-IF 38475914: T
2019/09/04 16:43:05 Bo6g121320 C6:38475891-38476014 group-2-IF 38475935: T
2019/09/04 16:43:05 Bo6g121320 C6:38475891-38476014 group-2-IF 38475942: C
2019/09/04 16:43:05 Bo6g121320 C6:38475891-38476014 group-2-IF 38475948: C
2019/09/04 16:43:05 Bo6g121320 C6:38475891-38476014 group-2-IF 38475960: A
2019/09/04 16:43:05 Bo6g121320 C6:38475891-38476014 group-2-IF 38475972: T
2019/09/04 16:43:05 Bo6g121320 C6:38475891-38476014 group-2-IF 38475984: C
2019/09/04 16:43:05 Bo6g121320 C6:38476437-38477240 group-2-IF 38476758: G
2019/09/04 16:43:05 Bo6g121320 C6:38476437-38477240 group-2-IF 38476761: A
2019/09/04 16:43:05 Bo6g121320 C6:38476437-38477240 group-2-IF 38476816: G
2019/09/04 16:43:05 Bo6g121320 C6:38476437-38477240 group-2-IF 38476941: T
2019/09/04 16:43:05 Bo6g121320 C6:38476437-38477240 group-2-IF 38476943: T
2019/09/04 16:43:05 Bo6g121320 C6:38476437-38477240 group-2-IF 38477136: G
2019/09/04 16:43:05 Bo6g121320 C6:38477580-38477758 group-2-IF 38477590: A
2019/09/04 16:43:05 Bo6g121320 C6:38477580-38477758 group-2-IF 38477600: T
2019/09/04 16:43:05 Bo6g121320 C6:38475891-38476014 group-3-LF 38475910: T
2019/09/04 16:43:05 Bo6g121320 C6:38475891-38476014 group-3-LF 38475914: T
2019/09/04 16:43:05 Bo6g121320 C6:38475891-38476014 group-3-LF 38475935: T
2019/09/04 16:43:05 Bo6g121320 C6:38476106-38476193 group-3-LF 38476106: T
2019/09/04 16:43:05 Bo6g121320 C6:38476106-38476193 group-3-LF 38476141: A
2019/09/04 16:43:05 Bo6g121320 C6:38476437-38477240 group-3-LF 38476519: T
2019/09/04 16:43:05 Bo6g121320 C6:38476437-38477240 group-3-LF 38476758: G
2019/09/04 16:43:05 Bo6g121320 C6:38476437-38477240 group-3-LF 38476761: A
2019/09/04 16:43:05 Bo6g121320 C6:38476437-38477240 group-3-LF 38476941: T
2019/09/04 16:43:05 Bo6g121320 C6:38476437-38477240 group-3-LF 38476943: T
2019/09/04 16:43:05 Bo6g121320 C6:38476437-38477240 group-3-LF 38476974: A
2019/09/04 16:43:05 Bo6g121320 C6:38476437-38477240 group-3-LF 38476977: T
2019/09/04 16:43:05 Bo6g121320 C6:38476437-38477240 group-3-LF 38477055: T
2019/09/04 16:43:05 Bo6g121320 C6:38476437-38477240 group-3-LF 38477083: G
2019/09/04 16:43:05 Bo6g121320 C6:38476437-38477240 group-3-LF 38477172: A
2019/09/04 16:43:06 Bo6g121320 C6:38477580-38477758 group-3-LF 38477707: G
2019/09/04 16:43:06 Bo6g121320 C6:38477580-38477758 group-3-LF 38477737: T
2019/09/04 16:43:06 Bo6g121320 C6:38476106-38476193 group-5-NF 38476141: A
2019/09/04 16:43:06 Bo6g121320 C6:38476437-38477240 group-5-NF 38476758: G
2019/09/04 16:43:06 Bo6g121320 C6:38476437-38477240 group-5-NF 38476761: A
2019/09/04 16:43:06 Bo6g121320 C6:38476437-38477240 group-5-NF 38476816: G
2019/09/04 16:43:06 Bo6g121320 C6:38476437-38477240 group-5-NF 38476941: T
2019/09/04 16:43:06 Bo6g121320 C6:38476437-38477240 group-5-NF 38476943: T
2019/09/04 16:43:06 Bo6g121320 C6:38477580-38477758 group-5-NF 38477600: T
2019/09/04 16:43:06 Bo6g121320 C6:38477580-38477758 group-5-NF 38477737: T
2019/09/04 16:43:09 Bo7g068840 C7:26720451-26720911 group-2-IF 26720537: G
2019/09/04 16:43:10 Bo7g068840 C7:26722778-26722870 group-2-IF 26722813: T
2019/09/04 16:43:10 Bo7g068840 C7:26725692-26725736 group-2-IF 26725699: T
2019/09/04 16:43:11 Bo7g068840 C7:26720451-26720911 group-3-LF 26720537: G
2019/09/04 16:43:12 Bo7g068840 C7:26725692-26725736 group-3-LF 26725699: T
2019/09/04 16:43:14 Bo7g068840 C7:26724345-26724443 group-5-NF 26724387: A
2019/09/04 16:43:14 Bo7g068840 C7:26725692-26725736 group-5-NF 26725699: T
2019/09/04 16:43:15 Bo7g080630 C7:30891996-30892079 group-1-EF 30892056: G
2019/09/04 16:43:15 Bo7g080630 C7:30891996-30892079 group-1-EF 30892061: C
2019/09/04 16:43:16 Bo7g080630 C7:30892323-30892624 group-1-EF 30892361: A
2019/09/04 16:43:16 Bo7g080630 C7:30892323-30892624 group-1-EF 30892424: C
2019/09/04 16:43:17 Bo7g080630 C7:30890842-30890967 group-2-IF 30890887: G
2019/09/04 16:43:18 Bo7g080630 C7:30889585-30889680 group-3-LF 30889673: C
2019/09/04 16:43:18 Bo7g080630 C7:30891041-30891143 group-3-LF 30891047: A
2019/09/04 16:43:19 Bo7g080630 C7:30889585-30889680 group-5-NF 30889673: C
2019/09/04 16:43:20 Bo7g080630 C7:30891041-30891143 group-5-NF 30891047: A
2019/09/04 16:43:20 Bo7g080630 C7:30891996-30892079 group-5-NF 30892056: G
2019/09/04 16:43:20 Bo7g080630 C7:30891996-30892079 group-5-NF 30892061: C
2019/09/04 16:43:20 Bo7g080630 C7:30892323-30892624 group-5-NF 30892361: A
2019/09/04 16:43:20 Bo7g080630 C7:30892323-30892624 group-5-NF 30892424: C
2019/09/04 16:43:23 Bo7g084330 C7:33099840-33100046 group-5-NF 33100005: C
2019/09/04 16:43:25 Bo7g085880 C7:33513939-33514295 group-1-EF 33514274: T
2019/09/04 16:43:25 Bo7g085880 C7:33513939-33514295 group-1-EF 33514275: A
2019/09/04 16:43:27 Bo7g085880 C7:33513939-33514295 group-2-IF 33513944: G
2019/09/04 16:43:27 Bo7g085880 C7:33513939-33514295 group-2-IF 33514020: C
2019/09/04 16:43:27 Bo7g085880 C7:33513939-33514295 group-2-IF 33514030: T
2019/09/04 16:43:27 Bo7g085880 C7:33513939-33514295 group-2-IF 33514096: G
2019/09/04 16:43:27 Bo7g085880 C7:33513939-33514295 group-2-IF 33514100: C
2019/09/04 16:43:27 Bo7g085880 C7:33513939-33514295 group-2-IF 33514136: T
2019/09/04 16:43:27 Bo7g085880 C7:33515050-33515181 group-2-IF 33515157: A
2019/09/04 16:43:27 Bo7g085880 C7:33515050-33515181 group-2-IF 33515163: T
2019/09/04 16:43:27 Bo7g085880 C7:33515279-33515360 group-2-IF 33515280: T
2019/09/04 16:43:27 Bo7g085880 C7:33515435-33515507 group-2-IF 33515490: C
2019/09/04 16:43:27 Bo7g085880 C7:33515435-33515507 group-2-IF 33515496: C
2019/09/04 16:43:27 Bo7g085880 C7:33516599-33516814 group-2-IF 33516607: C
2019/09/04 16:43:28 Bo7g085880 C7:33517067-33517249 group-2-IF 33517219: C
2019/09/04 16:43:29 Bo7g085880 C7:33512039-33512422 group-3-LF 33512101: C
2019/09/04 16:43:34 Bo7g089170 C7:34467494-34467790 group-2-IF 34467532: T
2019/09/04 16:43:35 Bo7g089170 C7:34467494-34467790 group-3-LF 34467673: C
2019/09/04 16:43:35 Bo7g089170 C7:34468411-34468590 group-3-LF 34468587: G
2019/09/04 16:43:36 Bo7g089170 C7:34467494-34467790 group-5-NF 34467673: C
2019/09/04 16:43:37 Bo7g089510 C7:34647023-34648165 group-1-EF 34647039: A
2019/09/04 16:43:37 Bo7g089510 C7:34647023-34648165 group-1-EF 34647941: G
2019/09/04 16:43:38 Bo7g089510 C7:34646403-34646957 group-2-IF 34646550: T
2019/09/04 16:43:38 Bo7g089510 C7:34646403-34646957 group-2-IF 34646553: T
2019/09/04 16:43:38 Bo7g089510 C7:34646403-34646957 group-2-IF 34646555: T
2019/09/04 16:43:38 Bo7g089510 C7:34647023-34648165 group-2-IF 34647073: C
2019/09/04 16:43:38 Bo7g089510 C7:34647023-34648165 group-2-IF 34647083: C
2019/09/04 16:43:38 Bo7g089510 C7:34647023-34648165 group-2-IF 34647092: T
2019/09/04 16:43:38 Bo7g089510 C7:34647023-34648165 group-2-IF 34647107: C
2019/09/04 16:43:38 Bo7g089510 C7:34647023-34648165 group-2-IF 34647167: C
2019/09/04 16:43:38 Bo7g089510 C7:34647023-34648165 group-2-IF 34647182: G
2019/09/04 16:43:38 Bo7g089510 C7:34647023-34648165 group-2-IF 34647290: G
2019/09/04 16:43:38 Bo7g089510 C7:34647023-34648165 group-2-IF 34647292: G
2019/09/04 16:43:38 Bo7g089510 C7:34647023-34648165 group-2-IF 34647299: G
2019/09/04 16:43:38 Bo7g089510 C7:34647023-34648165 group-2-IF 34647941: G
2019/09/04 16:43:38 Bo7g089510 C7:34647023-34648165 group-2-IF 34648151: G
2019/09/04 16:43:38 Bo7g089510 C7:34647023-34648165 group-2-IF 34648159: G
2019/09/04 16:43:39 Bo7g089510 C7:34647023-34648165 group-3-LF 34647290: G
2019/09/04 16:43:39 Bo7g089510 C7:34647023-34648165 group-3-LF 34647292: G
2019/09/04 16:43:39 Bo7g089510 C7:34647023-34648165 group-3-LF 34648151: G
2019/09/04 16:43:39 Bo7g089510 C7:34647023-34648165 group-3-LF 34648159: G
2019/09/04 16:43:39 Bo7g089510 C7:34647023-34648165 group-5-NF 34647290: G
2019/09/04 16:43:39 Bo7g089510 C7:34647023-34648165 group-5-NF 34647292: G
2019/09/04 16:43:40 Bo7g091510 C7:35268387-35268470 group-1-EF 35268434: T
2019/09/04 16:43:41 Bo7g091510 C7:35269370-35269567 group-1-EF 35269525: T
2019/09/04 16:43:41 Bo7g091510 C7:35269370-35269567 group-1-EF 35269561: T
2019/09/04 16:43:42 Bo7g091510 C7:35267891-35267996 group-2-IF 35267915: T
2019/09/04 16:43:42 Bo7g091510 C7:35268155-35268291 group-2-IF 35268165: T
2019/09/04 16:43:42 Bo7g091510 C7:35268387-35268470 group-2-IF 35268434: T
2019/09/04 16:43:42 Bo7g091510 C7:35269370-35269567 group-2-IF 35269409: C
2019/09/04 16:43:42 Bo7g091510 C7:35269370-35269567 group-2-IF 35269525: T
2019/09/04 16:43:42 Bo7g091510 C7:35269370-35269567 group-2-IF 35269561: T
2019/09/04 16:43:44 Bo7g091510 C7:35269370-35269567 group-3-LF 35269561: T
2019/09/04 16:43:45 Bo7g091510 C7:35268387-35268470 group-5-NF 35268434: T
2019/09/04 16:43:45 Bo7g091510 C7:35269370-35269567 group-5-NF 35269409: C
2019/09/04 16:43:45 Bo7g091510 C7:35269370-35269567 group-5-NF 35269525: T
2019/09/04 16:43:45 Bo7g091510 C7:35269370-35269567 group-5-NF 35269561: T
2019/09/04 16:43:46 Bo7g096980 C7:37618937-37619968 group-1-EF 37619713: A
2019/09/04 16:43:47 Bo7g096980 C7:37618937-37619968 group-2-IF 37619362: A
2019/09/04 16:43:47 Bo7g096980 C7:37618937-37619968 group-2-IF 37619404: C
2019/09/04 16:43:47 Bo7g096980 C7:37618937-37619968 group-2-IF 37619407: T
2019/09/04 16:43:48 Bo7g096980 C7:37618937-37619968 group-3-LF 37619362: A
2019/09/04 16:43:48 Bo7g096980 C7:37618937-37619968 group-3-LF 37619404: C
2019/09/04 16:43:48 Bo7g096980 C7:37618937-37619968 group-3-LF 37619407: T
2019/09/04 16:43:48 Bo7g096980 C7:37618937-37619968 group-3-LF 37619530: A
2019/09/04 16:43:48 Bo7g096980 C7:37618937-37619968 group-3-LF 37619713: A
2019/09/04 16:43:49 Bo7g096980 C7:37618937-37619968 group-5-NF 37619404: C
2019/09/04 16:43:49 Bo7g096980 C7:37618937-37619968 group-5-NF 37619407: T
2019/09/04 16:43:50 Bo7g097680 C7:38044295-38044497 group-1-EF 38044311: G
2019/09/04 16:43:50 Bo7g097680 C7:38044606-38044840 group-1-EF 38044636: G
2019/09/04 16:43:51 Bo7g097680 C7:38044295-38044497 group-2-IF 38044311: G
2019/09/04 16:43:51 Bo7g097680 C7:38044606-38044840 group-2-IF 38044636: G
2019/09/04 16:43:51 Bo7g097680 C7:38044606-38044840 group-2-IF 38044726: A
2019/09/04 16:43:51 Bo7g097680 C7:38044606-38044840 group-2-IF 38044819: C
2019/09/04 16:43:51 Bo7g097680 C7:38044930-38045016 group-2-IF 38044953: A
2019/09/04 16:43:51 Bo7g097680 C7:38044930-38045016 group-2-IF 38044968: G
2019/09/04 16:43:51 Bo7g097680 C7:38045716-38045855 group-2-IF 38045721: A
2019/09/04 16:43:51 Bo7g097680 C7:38046306-38046897 group-2-IF 38046687: T
2019/09/04 16:43:51 Bo7g097680 C7:38046306-38046897 group-2-IF 38046699: C
2019/09/04 16:43:52 Bo7g097680 C7:38044295-38044497 group-3-LF 38044311: G
2019/09/04 16:43:52 Bo7g097680 C7:38044606-38044840 group-3-LF 38044636: G
2019/09/04 16:43:52 Bo7g097680 C7:38044606-38044840 group-3-LF 38044726: A
2019/09/04 16:43:52 Bo7g097680 C7:38044606-38044840 group-3-LF 38044819: C
2019/09/04 16:43:52 Bo7g097680 C7:38046306-38046897 group-3-LF 38046687: T
2019/09/04 16:43:52 Bo7g097680 C7:38046306-38046897 group-3-LF 38046699: C
2019/09/04 16:43:53 Bo7g097680 C7:38044606-38044840 group-5-NF 38044636: G
2019/09/04 16:43:53 Bo7g097680 C7:38044606-38044840 group-5-NF 38044726: A
2019/09/04 16:43:53 Bo7g097680 C7:38044606-38044840 group-5-NF 38044819: C
2019/09/04 16:43:53 Bo7g097680 C7:38046306-38046897 group-5-NF 38046687: T
2019/09/04 16:43:53 Bo7g097680 C7:38046306-38046897 group-5-NF 38046699: C
2019/09/04 16:43:54 Bo7g097680 C7:38047564-38047791 group-5-NF 38047582: A
2019/09/04 16:43:59 Bo7g104100 C7:39979774-39979907 group-1-EF 39979783: C
2019/09/04 16:43:59 Bo7g104100 C7:39979774-39979907 group-1-EF 39979785: C
2019/09/04 16:44:00 Bo7g104100 C7:39981655-39981756 group-1-EF 39981714: T
2019/09/04 16:44:01 Bo7g104100 C7:39979774-39979907 group-2-IF 39979783: C
2019/09/04 16:44:01 Bo7g104100 C7:39979774-39979907 group-2-IF 39979785: C
2019/09/04 16:44:01 Bo7g104100 C7:39980531-39980612 group-2-IF 39980531: G
2019/09/04 16:44:02 Bo7g104100 C7:39979774-39979907 group-3-LF 39979783: C
2019/09/04 16:44:02 Bo7g104100 C7:39979774-39979907 group-3-LF 39979785: C
2019/09/04 16:44:03 Bo7g104100 C7:39981655-39981756 group-3-LF 39981714: T
2019/09/04 16:44:03 Bo7g104100 C7:39982339-39982416 group-3-LF 39982404: G
2019/09/04 16:44:03 Bo7g104100 C7:39982717-39982794 group-3-LF 39982775: A
2019/09/04 16:44:04 Bo7g104100 C7:39979774-39979907 group-5-NF 39979783: C
2019/09/04 16:44:04 Bo7g104100 C7:39979774-39979907 group-5-NF 39979785: C
2019/09/04 16:44:04 Bo7g104100 C7:39979774-39979907 group-5-NF 39979830: T
2019/09/04 16:44:04 Bo7g104100 C7:39980531-39980612 group-5-NF 39980531: G
2019/09/04 16:44:04 Bo7g104100 C7:39980920-39981004 group-5-NF 39980920: A
2019/09/04 16:44:04 Bo7g104100 C7:39981843-39981926 group-5-NF 39981881: C
2019/09/04 16:44:07 Bo8g011330 C8:2237402-2237920 group-2-IF 2237818: A
2019/09/04 16:44:08 Bo8g011330 C8:2237402-2237920 group-3-LF 2237818: A
2019/09/04 16:44:09 Bo8g011330 C8:2237402-2237920 group-5-NF 2237818: A
2019/09/04 16:44:10 Bo8g015020 C8:2881887-2883231 group-1-EF 2882048: C
2019/09/04 16:44:10 Bo8g015020 C8:2881887-2883231 group-1-EF 2882063: G
2019/09/04 16:44:10 Bo8g015020 C8:2881887-2883231 group-1-EF 2882097: A
2019/09/04 16:44:10 Bo8g015020 C8:2881887-2883231 group-1-EF 2882243: C
2019/09/04 16:44:10 Bo8g015020 C8:2881887-2883231 group-1-EF 2882774: A
2019/09/04 16:44:10 Bo8g015020 C8:2881887-2883231 group-2-IF 2882063: G
2019/09/04 16:44:10 Bo8g015020 C8:2881887-2883231 group-2-IF 2882097: A
2019/09/04 16:44:10 Bo8g015020 C8:2881887-2883231 group-2-IF 2882243: C
2019/09/04 16:44:10 Bo8g015020 C8:2881887-2883231 group-2-IF 2882774: A
2019/09/04 16:44:10 Bo8g015020 C8:2881887-2883231 group-2-IF 2882984: G
2019/09/04 16:44:11 Bo8g015020 C8:2881887-2883231 group-3-LF 2882048: C
2019/09/04 16:44:11 Bo8g015020 C8:2881887-2883231 group-3-LF 2882243: C
2019/09/04 16:44:11 Bo8g015020 C8:2881887-2883231 group-3-LF 2882674: G
2019/09/04 16:44:11 Bo8g015020 C8:2881887-2883231 group-3-LF 2882774: A
2019/09/04 16:44:11 Bo8g015020 C8:2883479-2884074 group-3-LF 2883584: C
2019/09/04 16:44:11 Bo8g015020 C8:2881887-2883231 group-5-NF 2882674: G
2019/09/04 16:44:11 Bo8g015020 C8:2881887-2883231 group-5-NF 2882984: G
2019/09/04 16:44:15 Bo8g066020 C8:20994246-20994373 group-1-EF 20994308: T
2019/09/04 16:44:16 Bo8g066020 C8:20996071-20996160 group-2-IF 20996108: G
2019/09/04 16:44:16 Bo8g066020 C8:20996071-20996160 group-2-IF 20996111: A
2019/09/04 16:44:16 Bo8g066020 C8:20996260-20996285 group-2-IF 20996264: G
2019/09/04 16:44:16 Bo8g066020 C8:20996360-20996496 group-2-IF 20996366: C
2019/09/04 16:44:17 Bo8g066020 C8:20994127-20994152 group-3-LF 20994146: A
2019/09/04 16:44:17 Bo8g066020 C8:20996071-20996160 group-3-LF 20996099: C
2019/09/04 16:44:17 Bo8g066020 C8:20996071-20996160 group-3-LF 20996108: G
2019/09/04 16:44:17 Bo8g066020 C8:20996071-20996160 group-3-LF 20996111: A
2019/09/04 16:44:17 Bo8g066020 C8:20996071-20996160 group-3-LF 20996143: G
2019/09/04 16:44:17 Bo8g066020 C8:20996260-20996285 group-3-LF 20996264: G
2019/09/04 16:44:17 Bo8g066020 C8:20996360-20996496 group-3-LF 20996366: C
2019/09/04 16:44:18 Bo8g066020 C8:20994127-20994152 group-5-NF 20994146: A
2019/09/04 16:44:18 Bo8g066020 C8:20994246-20994373 group-5-NF 20994308: T
2019/09/04 16:44:18 Bo8g066020 C8:20996360-20996496 group-5-NF 20996366: C
2019/09/04 16:44:23 Bo9g033770 C9:11452709-11453131 group-3-LF 11452958: T
2019/09/04 16:44:24 Bo9g033770 C9:11451184-11451351 group-5-NF 11451316: T
2019/09/04 16:44:26 Bo9g040840 C9:13496621-13496783 group-1-EF 13496695: T
2019/09/04 16:44:27 Bo9g040840 C9:13495350-13495545 group-2-IF 13495375: T
2019/09/04 16:44:28 Bo9g040840 C9:13496275-13496535 group-2-IF 13496518: G
2019/09/04 16:44:28 Bo9g040840 C9:13496621-13496783 group-2-IF 13496695: T
2019/09/04 16:44:28 Bo9g040840 C9:13496621-13496783 group-2-IF 13496754: C
2019/09/04 16:44:29 Bo9g040840 C9:13495350-13495545 group-3-LF 13495375: T
2019/09/04 16:44:29 Bo9g040840 C9:13496076-13496197 group-3-LF 13496106: C
2019/09/04 16:44:29 Bo9g040840 C9:13496621-13496783 group-3-LF 13496695: T
2019/09/04 16:44:29 Bo9g040840 C9:13496621-13496783 group-3-LF 13496754: C
2019/09/04 16:44:29 Bo9g040840 C9:13496859-13497104 group-3-LF 13496931: A
2019/09/04 16:44:30 Bo9g040840 C9:13497496-13497649 group-3-LF 13497568: C
2019/09/04 16:44:30 Bo9g040840 C9:13497906-13498053 group-3-LF 13497907: T
2019/09/04 16:44:31 Bo9g040840 C9:13496275-13496535 group-5-NF 13496518: G
2019/09/04 16:44:40 Bo9g044180 C9:14606655-14606996 group-1-EF 14606901: G
2019/09/04 16:44:40 Bo9g044180 C9:14604057-14604164 group-2-IF 14604124: A
2019/09/04 16:44:40 Bo9g044180 C9:14604496-14604618 group-2-IF 14604534: T
2019/09/04 16:44:40 Bo9g044180 C9:14604496-14604618 group-2-IF 14604561: C
2019/09/04 16:44:41 Bo9g044180 C9:14606655-14606996 group-2-IF 14606962: G
2019/09/04 16:44:43 Bo9g044180 C9:14604057-14604164 group-5-NF 14604111: G
2019/09/04 16:44:43 Bo9g044180 C9:14604057-14604164 group-5-NF 14604124: A
2019/09/04 16:44:43 Bo9g044180 C9:14604496-14604618 group-5-NF 14604534: T
2019/09/04 16:44:43 Bo9g044180 C9:14604496-14604618 group-5-NF 14604561: C
2019/09/04 16:44:43 Bo9g044180 C9:14604725-14604822 group-5-NF 14604822: C
2019/09/04 16:44:44 Bo9g044180 C9:14605116-14605211 group-5-NF 14605151: T
2019/09/04 16:44:44 Bo9g044180 C9:14605816-14606072 group-5-NF 14605967: C
2019/09/04 16:44:44 Bo9g044180 C9:14606153-14606256 group-5-NF 14606255: T
2019/09/04 16:44:48 Bo9g151990 C9:45267690-45267975 group-2-IF 45267850: A
2019/09/04 16:44:50 Bo9g151990 C9:45267690-45267975 group-3-LF 45267850: A
2019/09/04 16:44:55 Bo9g154700 C9:46324408-46324514 group-2-IF 46324410: C
2019/09/04 16:44:57 Bo9g154700 C9:46328891-46329106 group-2-IF 46328895: G
2019/09/04 16:44:58 Bo9g154700 C9:46324408-46324514 group-3-LF 46324410: C
2019/09/04 16:44:59 Bo9g154700 C9:46328891-46329106 group-3-LF 46328895: G
2019/09/04 16:45:00 Bo9g154700 C9:46324408-46324514 group-5-NF 46324410: C
2019/09/04 16:45:02 Bo9g158600 C9:46976013-46979168 group-2-IF 46976136: A
2019/09/04 16:45:02 Bo9g158600 C9:46976013-46979168 group-2-IF 46976145: C
2019/09/04 16:45:02 Bo9g158600 C9:46976013-46979168 group-2-IF 46976706: C
2019/09/04 16:45:02 Bo9g158600 C9:46976013-46979168 group-2-IF 46976769: C
2019/09/04 16:45:02 Bo9g158600 C9:46976013-46979168 group-2-IF 46976811: C
2019/09/04 16:45:02 Bo9g158600 C9:46976013-46979168 group-2-IF 46976813: G
2019/09/04 16:45:02 Bo9g158600 C9:46976013-46979168 group-2-IF 46976814: T
2019/09/04 16:45:02 Bo9g158600 C9:46976013-46979168 group-2-IF 46976820: G
2019/09/04 16:45:02 Bo9g158600 C9:46976013-46979168 group-2-IF 46976821: G
2019/09/04 16:45:02 Bo9g158600 C9:46976013-46979168 group-2-IF 46976843: G
2019/09/04 16:45:02 Bo9g158600 C9:46976013-46979168 group-2-IF 46976861: C
2019/09/04 16:45:02 Bo9g158600 C9:46976013-46979168 group-2-IF 46976862: A
2019/09/04 16:45:02 Bo9g158600 C9:46976013-46979168 group-2-IF 46976863: A
2019/09/04 16:45:02 Bo9g158600 C9:46976013-46979168 group-2-IF 46976876: A
2019/09/04 16:45:02 Bo9g158600 C9:46976013-46979168 group-2-IF 46976964: A
2019/09/04 16:45:02 Bo9g158600 C9:46976013-46979168 group-2-IF 46976979: G
2019/09/04 16:45:02 Bo9g158600 C9:46976013-46979168 group-2-IF 46976988: T
2019/09/04 16:45:02 Bo9g158600 C9:46976013-46979168 group-2-IF 46976991: A
2019/09/04 16:45:02 Bo9g158600 C9:46976013-46979168 group-2-IF 46977000: C
2019/09/04 16:45:02 Bo9g158600 C9:46976013-46979168 group-2-IF 46977062: T
2019/09/04 16:45:02 Bo9g158600 C9:46976013-46979168 group-2-IF 46977063: T
2019/09/04 16:45:02 Bo9g158600 C9:46976013-46979168 group-2-IF 46977720: G
2019/09/04 16:45:02 Bo9g158600 C9:46976013-46979168 group-2-IF 46978101: C
2019/09/04 16:45:03 Bo9g158600 C9:46976013-46979168 group-3-LF 46976103: G
2019/09/04 16:45:03 Bo9g158600 C9:46976013-46979168 group-3-LF 46976136: A
2019/09/04 16:45:03 Bo9g158600 C9:46976013-46979168 group-3-LF 46976145: C
2019/09/04 16:45:03 Bo9g158600 C9:46976013-46979168 group-3-LF 46976153: G
2019/09/04 16:45:03 Bo9g158600 C9:46976013-46979168 group-3-LF 46976169: A
2019/09/04 16:45:03 Bo9g158600 C9:46976013-46979168 group-3-LF 46976247: T
2019/09/04 16:45:03 Bo9g158600 C9:46976013-46979168 group-3-LF 46976286: T
2019/09/04 16:45:03 Bo9g158600 C9:46976013-46979168 group-3-LF 46976397: T
2019/09/04 16:45:03 Bo9g158600 C9:46976013-46979168 group-3-LF 46976436: C
2019/09/04 16:45:03 Bo9g158600 C9:46976013-46979168 group-3-LF 46976448: C
2019/09/04 16:45:03 Bo9g158600 C9:46976013-46979168 group-3-LF 46976655: C
2019/09/04 16:45:03 Bo9g158600 C9:46976013-46979168 group-3-LF 46976811: C
2019/09/04 16:45:03 Bo9g158600 C9:46976013-46979168 group-3-LF 46976813: G
2019/09/04 16:45:03 Bo9g158600 C9:46976013-46979168 group-3-LF 46976814: T
2019/09/04 16:45:03 Bo9g158600 C9:46976013-46979168 group-3-LF 46976820: G
2019/09/04 16:45:03 Bo9g158600 C9:46976013-46979168 group-3-LF 46976821: G
2019/09/04 16:45:03 Bo9g158600 C9:46976013-46979168 group-3-LF 46976843: G
2019/09/04 16:45:03 Bo9g158600 C9:46976013-46979168 group-3-LF 46976861: C
2019/09/04 16:45:03 Bo9g158600 C9:46976013-46979168 group-3-LF 46976862: A
2019/09/04 16:45:03 Bo9g158600 C9:46976013-46979168 group-3-LF 46976863: A
2019/09/04 16:45:03 Bo9g158600 C9:46976013-46979168 group-3-LF 46976876: A
2019/09/04 16:45:03 Bo9g158600 C9:46976013-46979168 group-3-LF 46977000: C
2019/09/04 16:45:03 Bo9g158600 C9:46976013-46979168 group-3-LF 46977810: T
2019/09/04 16:45:03 Bo9g158600 C9:46976013-46979168 group-3-LF 46978404: C
2019/09/04 16:45:03 Bo9g158600 C9:46976013-46979168 group-3-LF 46978435: G
2019/09/04 16:45:03 Bo9g158600 C9:46976013-46979168 group-3-LF 46978686: A
2019/09/04 16:45:03 Bo9g158600 C9:46976013-46979168 group-3-LF 46978735: G
2019/09/04 16:45:03 Bo9g158600 C9:46976013-46979168 group-5-NF 46976247: T
2019/09/04 16:45:03 Bo9g158600 C9:46976013-46979168 group-5-NF 46976278: G
2019/09/04 16:45:03 Bo9g158600 C9:46976013-46979168 group-5-NF 46976280: T
2019/09/04 16:45:03 Bo9g158600 C9:46976013-46979168 group-5-NF 46976283: G
2019/09/04 16:45:03 Bo9g158600 C9:46976013-46979168 group-5-NF 46976286: T
2019/09/04 16:45:03 Bo9g158600 C9:46976013-46979168 group-5-NF 46976367: C
2019/09/04 16:45:03 Bo9g158600 C9:46976013-46979168 group-5-NF 46976436: C
2019/09/04 16:45:03 Bo9g158600 C9:46976013-46979168 group-5-NF 46976448: C
2019/09/04 16:45:03 Bo9g158600 C9:46976013-46979168 group-5-NF 46976598: T
2019/09/04 16:45:03 Bo9g158600 C9:46976013-46979168 group-5-NF 46976706: C
2019/09/04 16:45:03 Bo9g158600 C9:46976013-46979168 group-5-NF 46976739: C
2019/09/04 16:45:03 Bo9g158600 C9:46976013-46979168 group-5-NF 46976757: C
2019/09/04 16:45:03 Bo9g158600 C9:46976013-46979168 group-5-NF 46976769: C
2019/09/04 16:45:03 Bo9g158600 C9:46976013-46979168 group-5-NF 46976811: C
2019/09/04 16:45:03 Bo9g158600 C9:46976013-46979168 group-5-NF 46976813: G
2019/09/04 16:45:03 Bo9g158600 C9:46976013-46979168 group-5-NF 46976814: T
2019/09/04 16:45:03 Bo9g158600 C9:46976013-46979168 group-5-NF 46976820: G
2019/09/04 16:45:03 Bo9g158600 C9:46976013-46979168 group-5-NF 46976821: G
2019/09/04 16:45:03 Bo9g158600 C9:46976013-46979168 group-5-NF 46976843: G
2019/09/04 16:45:03 Bo9g158600 C9:46976013-46979168 group-5-NF 46976861: C
2019/09/04 16:45:03 Bo9g158600 C9:46976013-46979168 group-5-NF 46976862: A
2019/09/04 16:45:03 Bo9g158600 C9:46976013-46979168 group-5-NF 46976863: A
2019/09/04 16:45:03 Bo9g158600 C9:46976013-46979168 group-5-NF 46976876: A
2019/09/04 16:45:03 Bo9g158600 C9:46976013-46979168 group-5-NF 46977513: T
2019/09/04 16:45:03 Bo9g158600 C9:46976013-46979168 group-5-NF 46977522: T
2019/09/04 16:45:03 Bo9g158600 C9:46976013-46979168 group-5-NF 46977534: C
2019/09/04 16:45:03 Bo9g158600 C9:46976013-46979168 group-5-NF 46977633: G
2019/09/04 16:45:03 Bo9g158600 C9:46976013-46979168 group-5-NF 46977810: T
2019/09/04 16:45:03 Bo9g158600 C9:46976013-46979168 group-5-NF 46977855: A
2019/09/04 16:45:03 Bo9g158600 C9:46976013-46979168 group-5-NF 46977870: G
2019/09/04 16:45:03 Bo9g158600 C9:46976013-46979168 group-5-NF 46977897: C
2019/09/04 16:45:03 Bo9g158600 C9:46976013-46979168 group-5-NF 46978056: G
2019/09/04 16:45:03 Bo9g158600 C9:46976013-46979168 group-5-NF 46978101: C
2019/09/04 16:45:03 Bo9g158600 C9:46976013-46979168 group-5-NF 46978735: G
2019/09/04 16:45:04 Bo9g161800 C9:47719936-47720156 group-1-EF 47719950: A
2019/09/04 16:45:05 Bo9g161800 C9:47717521-47717659 group-2-IF 47717636: A
2019/09/04 16:45:06 Bo9g161800 C9:47718651-47719251 group-2-IF 47718791: G
2019/09/04 16:45:06 Bo9g161800 C9:47718651-47719251 group-2-IF 47718812: G
2019/09/04 16:45:06 Bo9g161800 C9:47718651-47719251 group-2-IF 47719171: G
2019/09/04 16:45:07 Bo9g161800 C9:47718651-47719251 group-3-LF 47718791: G
2019/09/04 16:45:07 Bo9g161800 C9:47718651-47719251 group-3-LF 47718812: G
2019/09/04 16:45:07 Bo9g161800 C9:47719936-47720156 group-3-LF 47719950: A
2019/09/04 16:45:08 Bo9g161800 C9:47716660-47717228 group-5-NF 47716737: A
2019/09/04 16:45:08 Bo9g161800 C9:47718651-47719251 group-5-NF 47718791: G
2019/09/04 16:45:08 Bo9g161800 C9:47718651-47719251 group-5-NF 47718812: G
2019/09/04 16:45:08 Bo9g161800 C9:47719459-47719832 group-5-NF 47719522: T
2019/09/04 16:45:08 Bo9g161800 C9:47719936-47720156 group-5-NF 47719950: A
2019/09/04 16:45:10 Bo9g177070 C9:52807725-52808210 group-2-IF 52807890: C
2019/09/04 16:45:19 Bo9g181730 C9:53755989-53756082 group-1-EF 53756032: C
2019/09/04 16:45:19 Bo9g181730 C9:53755989-53756082 group-1-EF 53756081: T
2019/09/04 16:45:19 Bo9g181730 C9:53756792-53756911 group-1-EF 53756825: T
2019/09/04 16:45:19 Bo9g181730 C9:53756792-53756911 group-1-EF 53756837: A
2019/09/04 16:45:19 Bo9g181730 C9:53756792-53756911 group-1-EF 53756905: G
2019/09/04 16:45:20 Bo9g181730 C9:53755776-53755895 group-2-IF 53755858: A
2019/09/04 16:45:20 Bo9g181730 C9:53755776-53755895 group-2-IF 53755863: T
2019/09/04 16:45:20 Bo9g181730 C9:53755776-53755895 group-2-IF 53755891: T
2019/09/04 16:45:20 Bo9g181730 C9:53755989-53756082 group-2-IF 53756032: C
2019/09/04 16:45:20 Bo9g181730 C9:53756348-53756464 group-2-IF 53756360: C
2019/09/04 16:45:20 Bo9g181730 C9:53756792-53756911 group-2-IF 53756905: G
2019/09/04 16:45:20 Bo9g181730 C9:53758010-53758253 group-2-IF 53758050: G
2019/09/04 16:45:20 Bo9g181730 C9:53758010-53758253 group-2-IF 53758126: G
2019/09/04 16:45:20 Bo9g181730 C9:53758010-53758253 group-2-IF 53758128: A
2019/09/04 16:45:21 Bo9g181730 C9:53755776-53755895 group-3-LF 53755891: T
2019/09/04 16:45:21 Bo9g181730 C9:53755989-53756082 group-3-LF 53756081: T
2019/09/04 16:45:21 Bo9g181730 C9:53756348-53756464 group-3-LF 53756360: C
2019/09/04 16:45:21 Bo9g181730 C9:53756792-53756911 group-3-LF 53756837: A
2019/09/04 16:45:21 Bo9g181730 C9:53756792-53756911 group-3-LF 53756905: G
2019/09/04 16:45:22 Bo9g181730 C9:53755776-53755895 group-5-NF 53755813: C
2019/09/04 16:45:22 Bo9g181730 C9:53756348-53756464 group-5-NF 53756360: C
2019/09/04 16:45:23 Bo9g181730 C9:53756792-53756911 group-5-NF 53756825: T
2019/09/04 16:45:23 Bo9g181730 C9:53756792-53756911 group-5-NF 53756837: A
2019/09/04 16:45:23 Bo9g181730 C9:53757834-53757927 group-5-NF 53757926: A
